Arguments: 
  /home/zhuang/.nvm/versions/node/v14.15.1/bin/node /home/zhuang/.nvm/versions/node/v14.15.1/bin/yarn add circomlib

PATH: 
  /home/zhuang/Documents/zksync/bin:/home/zhuang/.nvm/versions/node/v14.15.1/bin:/home/zhuang/.cargo/bin:/usr/local/sbin:/usr/local/bin:/usr/sbin:/usr/bin:/sbin:/bin:/usr/games:/usr/local/games:/snap/bin:/home/zhuang/Downloads/go/bin:/home/zhuang/Documents/gopath/bin:/home/zhuang/.cargo/bin

Yarn version: 
  1.22.10

Node version: 
  14.15.1

Platform: 
  linux x64

Trace: 
  Error: https://registry.yarnpkg.com/circomLib: Not found
      at Request.params.callback [as _callback] (/home/zhuang/.nvm/versions/node/v14.15.1/lib/node_modules/yarn/lib/cli.js:66988:18)
      at Request.self.callback (/home/zhuang/.nvm/versions/node/v14.15.1/lib/node_modules/yarn/lib/cli.js:140662:22)
      at Request.emit (events.js:315:20)
      at Request.<anonymous> (/home/zhuang/.nvm/versions/node/v14.15.1/lib/node_modules/yarn/lib/cli.js:141634:10)
      at Request.emit (events.js:315:20)
      at IncomingMessage.<anonymous> (/home/zhuang/.nvm/versions/node/v14.15.1/lib/node_modules/yarn/lib/cli.js:141556:12)
      at Object.onceWrapper (events.js:421:28)
      at IncomingMessage.emit (events.js:327:22)
      at endReadableNT (_stream_readable.js:1327:12)
      at processTicksAndRejections (internal/process/task_queues.js:80:21)

npm manifest: 
  {
    "name": "zkex",
    "version": "1.0.0",
    "description": "erc20 zk exchange",
    "main": "truffle-config.js",
    "directories": {
      "test": "test"
    },
    "scripts": {
      "test": "echo \"Error: no test specified\" && exit 1",
      "clean": "rm -rf ./build"
    },
    "keywords": [
      "erc20"
    ],
    "author": "zhuangweiming",
    "license": "MIT",
    "dependencies": {
      "@openzeppelin/contracts": "^4.1.0",
      "@truffle/hdwallet-provider": "^1.4.0",
      "circom": "0.5.45",
      "ethers": "^5.3.0",
      "snarkjs": "0.3.60",
      "web3": "^1.3.6",
      "circomLib": "0.5.2"
    }
  }

yarn manifest: 
  No manifest

Lockfile: 
  No lockfile
